<?xml version="1.0" encoding="UTF-8"?>
<testsuite name="WizardTD.SampleTest" tests="1" skipped="0" failures="0" errors="0" timestamp="2023-09-18T14:13:51" hostname="Jamess-MBP.modem" time="0.011">
  <properties/>
  <testcase name="simpleTest()" classname="WizardTD.SampleTest" time="0.011"/>
  <system-out><![CDATA[]]></system-out>
  <system-err><![CDATA[]]></system-err>
</testsuite>
