<?xml version="1.0" encoding="UTF-8"?>
<testsuite name="WizardTD.MapTesting" tests="6" skipped="0" failures="0" errors="0" timestamp="2023-10-22T12:10:41" hostname="Jamess-MBP.modem" time="7.329">
  <properties/>
  <testcase name="CheckPath()" classname="WizardTD.MapTesting" time="1.209"/>
  <testcase name="AppCreateMap()" classname="WizardTD.MapTesting" time="1.207"/>
  <testcase name="CheckExtending()" classname="WizardTD.MapTesting" time="1.268"/>
  <testcase name="GridTest()" classname="WizardTD.MapTesting" time="1.227"/>
  <testcase name="CheckGrass()" classname="WizardTD.MapTesting" time="1.167"/>
  <testcase name="CheckShrub()" classname="WizardTD.MapTesting" time="1.25"/>
  <system-out><![CDATA[]]></system-out>
  <system-err><![CDATA[java.lang.ArrayIndexOutOfBoundsException: 20
	at WizardTD.Monsters.MonsterPathReader.Read(MonsterPathReader.java:101)
	at WizardTD.Monsters.Monster.tick(Monster.java:141)
	at WizardTD.App.DrawMonsters(App.java:122)
	at WizardTD.App.draw(App.java:372)
	at processing.core.PApplet.handleDraw(PApplet.java:2426)
	at processing.awt.PSurfaceAWT$12.callDraw(PSurfaceAWT.java:1557)
	at processing.core.PSurfaceNone$AnimationThread.run(PSurfaceNone.java:316)
java.lang.ArrayIndexOutOfBoundsException: 20
	at WizardTD.Monsters.MonsterPathReader.Read(MonsterPathReader.java:101)
	at WizardTD.Monsters.Monster.tick(Monster.java:141)
	at WizardTD.App.DrawMonsters(App.java:122)
	at WizardTD.App.draw(App.java:372)
	at processing.core.PApplet.handleDraw(PApplet.java:2426)
	at processing.awt.PSurfaceAWT$12.callDraw(PSurfaceAWT.java:1557)
	at processing.core.PSurfaceNone$AnimationThread.run(PSurfaceNone.java:316)
java.lang.ArrayIndexOutOfBoundsException: 20
	at WizardTD.Monsters.MonsterPathReader.Read(MonsterPathReader.java:101)
	at WizardTD.Monsters.Monster.tick(Monster.java:141)
	at WizardTD.App.DrawMonsters(App.java:122)
	at WizardTD.App.draw(App.java:372)
	at processing.core.PApplet.handleDraw(PApplet.java:2426)
	at processing.awt.PSurfaceAWT$12.callDraw(PSurfaceAWT.java:1557)
	at processing.core.PSurfaceNone$AnimationThread.run(PSurfaceNone.java:316)
java.lang.ArrayIndexOutOfBoundsException: 20
	at WizardTD.Monsters.MonsterPathReader.Read(MonsterPathReader.java:101)
	at WizardTD.Monsters.Monster.tick(Monster.java:141)
	at WizardTD.App.DrawMonsters(App.java:122)
	at WizardTD.App.draw(App.java:372)
	at processing.core.PApplet.handleDraw(PApplet.java:2426)
	at processing.awt.PSurfaceAWT$12.callDraw(PSurfaceAWT.java:1557)
	at processing.core.PSurfaceNone$AnimationThread.run(PSurfaceNone.java:316)
]]></system-err>
</testsuite>
