<?xml version="1.0" encoding="UTF-8"?>
<testsuite name="WizardTD.TowerTesting" tests="3" skipped="0" failures="0" errors="0" timestamp="2023-10-22T12:11:20" hostname="Jamess-MBP.modem" time="5.512">
  <properties/>
  <testcase name="TowerBuilderTest()" classname="WizardTD.TowerTesting" time="1.554"/>
  <testcase name="TowerBasics()" classname="WizardTD.TowerTesting" time="1.492"/>
  <testcase name="TowerHoverTest()" classname="WizardTD.TowerTesting" time="2.466"/>
  <system-out><![CDATA[]]></system-out>
  <system-err><![CDATA[java.lang.ArrayIndexOutOfBoundsException: 20
	at WizardTD.Monsters.MonsterPathReader.Read(MonsterPathReader.java:101)
	at WizardTD.Monsters.Monster.tick(Monster.java:137)
	at WizardTD.App.DrawMonsters(App.java:122)
	at WizardTD.App.draw(App.java:372)
	at processing.core.PApplet.handleDraw(PApplet.java:2426)
	at processing.awt.PSurfaceAWT$12.callDraw(PSurfaceAWT.java:1557)
	at processing.core.PSurfaceNone$AnimationThread.run(PSurfaceNone.java:316)
java.lang.ArrayIndexOutOfBoundsException: 20
	at WizardTD.Monsters.MonsterPathReader.Read(MonsterPathReader.java:101)
	at WizardTD.Monsters.Monster.tick(Monster.java:137)
	at WizardTD.App.DrawMonsters(App.java:122)
	at WizardTD.App.draw(App.java:372)
	at processing.core.PApplet.handleDraw(PApplet.java:2426)
	at processing.awt.PSurfaceAWT$12.callDraw(PSurfaceAWT.java:1557)
	at processing.core.PSurfaceNone$AnimationThread.run(PSurfaceNone.java:316)
java.lang.ArrayIndexOutOfBoundsException: 20
	at WizardTD.Monsters.MonsterPathReader.Read(MonsterPathReader.java:101)
	at WizardTD.Monsters.Monster.tick(Monster.java:137)
	at WizardTD.App.DrawMonsters(App.java:122)
	at WizardTD.App.draw(App.java:372)
	at processing.core.PApplet.handleDraw(PApplet.java:2426)
	at processing.awt.PSurfaceAWT$12.callDraw(PSurfaceAWT.java:1557)
	at processing.core.PSurfaceNone$AnimationThread.run(PSurfaceNone.java:316)
]]></system-err>
</testsuite>
